<?xml version="1.0" encoding="UTF-8"?>
<!-- Generated by org.testng.reporters.JUnitReportReporter -->
<testsuite skipped="0" hostname="LAPTOP-B3EJBA39" name="Demo2.Web2" tests="1" failures="0" timestamp="2021-01-14T23:13:46 CST" time="16.924" errors="0">
  <testcase name="testcase1" time="16.924" classname="Demo2.Web2"/>
  <system-out/>
</testsuite> <!-- Demo2.Web2 -->
